#
# A fatal error has been detected by the Java Runtime Environment:
#
#  SIGSEGV (0xb) at pc=0x00007fecb66d377f, pid=610124, tid=610126
#
# JRE version: OpenJDK Runtime Environment Zulu17.30+15-CA (17.0.1+12) (build 17.0.1+12-LTS)
# Java VM: OpenJDK 64-Bit Server VM Zulu17.30+15-CA (17.0.1+12-LTS, mixed mode, sharing, tiered, compressed oops, compressed class ptrs, g1 gc, linux-amd64)
# Problematic frame:
# C  [libc.so.6+0x8777f]
[timeout occurred during error reporting in step "printing problematic frame"] after 30 s.
# Core dump will be written. Default location: Core dumps may be processed with "/usr/lib/systemd/systemd-coredump %P %u %g %s %t %c %h" (or dumping to /home/brian/.lunarclient/offline/1.8/core.610124)
#
# If you would like to submit a bug report, please visit:
#   http://www.azul.com/support/
#

---------------  S U M M A R Y ------------

Command Line: --add-modules=jdk.naming.dns --add-exports=jdk.naming.dns/com.sun.jndi.dns=java.naming -Djna.boot.library.path=natives -Dlog4j2.formatMsgNoLookups=true --add-opens=java.base/java.io=ALL-UNNAMED -Xms12020m -Xmx12020m -Djava.library.path=natives -javaagent:/home/brian/Videos/lunar-client-agents-main/LunarEnable.jar -javaagent:/home/brian/Videos/lunar-client-agents-main/LunarHitDelayFix.jar -javaagent:/home/brian/Videos/lunar-client-agents-main/NoPinnedServers.jar -javaagent:/home/brian/Videos/lunar-client-agents-main/StaffEnable.jar -javaagent:/home/brian/Downloads/LevelHeadImproved.jar -javaagent:/home/brian/Videos/linux/agents/LevelHeadImproved.jar=@-1 -javaagent:/home/brian/Videos/linux/agents/CustomAutoGG.jar=hey ladies :smirk: :smirk: :smirk: -javaagent:/home/brian/Videos/linux/agents/LunarBetterHurtCam.jar=4 -javaagent:/home/brian/Videos/linux/agents/UnlockCosmetics.jar -XX:ParallelGCThreads=512 -XX:ReservedCodeCacheSize=2048m -XX:+UseCodeCacheFlushing -Xmn8096m -XX:MaxTenuringThreshold=10 -XX:SoftRefLRUPolicyMSPerMB=32767 com.moonsworth.lunar.patcher.LunarMain --version 1.8 --accessToken 0 --assetIndex 1.8 --userProperties {} --gameDir /home/brian/.minecraft --launcherVersion 2.9.4 --width 840 --height 480 --texturesDir /home/brian/.lunarclient/textures

Host: AMD Ryzen 7 3700X 8-Core Processor, 
[timeout occurred during error reporting in step "printing summary machine and OS info"] after 30 s.
Time: Sun Feb  6 19:42:42 2022 EST elapsed time: 112.253804 seconds (0d 0h 1m 52s)

---------------  T H R E A D  ---------------

Current thread (0x00007fecb00294f0):  JavaThread "Client thread" [_thread_in_vm, id=610126, stack(0x00007fecb4dd4000,0x00007fecb4ed5000)]

Stack: [0x00007fecb4dd4000,0x00007fecb4ed5000],  sp=0x00007fecb4ed0aa0,  free space=1010k
Native frames: (J=compiled Java code, j=interpreted, Vv=VM code, C=native code)
C  [libc.so.6+0x8777f]
------ Timeout during error reporting after 120 s. ------
