#
# A fatal error has been detected by the Java Runtime Environment:
#
#  SIGSEGV (0xb) at pc=0x00007f9459dd7b14, pid=12304, tid=12307
#
# JRE version: OpenJDK Runtime Environment Zulu17.30+15-CA (17.0.1+12) (build 17.0.1+12-LTS)
# Java VM: OpenJDK 64-Bit Server VM Zulu17.30+15-CA (17.0.1+12-LTS, mixed mode, sharing, tiered, compressed oops, compressed class ptrs, g1 gc, linux-amd64)
# Problematic frame:
# C  [libpthread.so.0+0x13b14]  pthread_setaffinity_np+0x4
#
# Core dump will be written. Default location: Core dumps may be processed with "/usr/lib/systemd/systemd-coredump %P %u %g %s %t %c %h" (or dumping to /home/brian/.lunarclient/offline/1.8/core.12304)
#
# If you would like to submit a bug report, please visit:
#   http://www.azul.com/support/
# The crash happened outside the Java Virtual Machine in native code.
# See problematic frame for where to report the bug.
#

---------------  S U M M A R Y ------------

Command Line: --add-modules=jdk.naming.dns --add-exports=jdk.naming.dns/com.sun.jndi.dns=java.naming -Djna.boot.library.path=natives -Dlog4j2.formatMsgNoLookups=true --add-opens=java.base/java.io=ALL-UNNAMED -Xms1024m -Xmx12020m -Djava.library.path=natives -javaagent:/home/brian/Videos/lunar-client-agents-main/LunarEnable.jar -javaagent:/home/brian/Videos/lunar-client-agents-main/LunarHitDelayFix.jar -javaagent:/home/brian/Videos/lunar-client-agents-main/NoPinnedServers.jar -javaagent:/home/brian/Videos/lunar-client-agents-main/StaffEnable.jar -javaagent:/home/brian/Downloads/LevelHeadImproved.jar -javaagent:/tmp/lunar-client-qt.HdtKEO=gg = get gud -javaagent:/tmp/lunar-client-qt.sxtIIU=@-1 -javaagent:/tmp/lunar-client-qt.LMJidI=4 -javaagent:/tmp/lunar-client-qt.UJXgQo -XX:ParallelGCThreads=512 -XX:ReservedCodeCacheSize=2048m -XX:+UseCodeCacheFlushing -Xmn8096m -XX:MaxTenuringThreshold=10 -XX:SoftRefLRUPolicyMSPerMB=32767 com.moonsworth.lunar.patcher.LunarMain --version 1.8 --accessToken 0 --assetIndex 1.8 --userProperties {} --gameDir /home/brian/.minecraft --launcherVersion 2.9.4 --width 840 --height 480 --texturesDir /home/brian/.lunarclient/textures

Host: 